<?xml version="1.0" encoding="UTF-8"?>
<logger class="org.jpos.util.DailyLogListener">
<log realm="Q2.system" at="Wed Apr 26 13:41:47.774 WITA 2017" lifespan="894ms">
  <info>
    Q2 started, deployDir=/mnt/94CABEA5CABE82D2/Andara Code Repositories/jPosClient/deploy
    
    jPOS 2.0.0 master/be6e219 (2015-02-25 22:04:06 UYST) 

-----BEGIN PGP SIGNED MESSAGE-----
Hash: SHA1

jPOS Community Edition, licensed under GNU AGPL v3.0.
This software is probably not suitable for commercial use.
Please see http://jpos.org/license for details.

-----BEGIN PGP SIGNATURE-----
Version: GnuPG v1.4.9 (Darwin)

iQEcBAEBAgAGBQJMolHDAAoJEOQyeO71nYtFv74H/3OgehDGEy1VXp2U3/GcAobg
HH2eZjPUz53r38ARPiU3pzm9LwDa3WZgJJaa/b9VrJwKvbPwe9+0kY3gScDE1skT
ladHt+KHHmGQArEutkzHlpZa73RbroFEIa1qmN6MaDEHGoxZqDh0Sv2cpvOaVYGO
St8ZaddLBPC17bSjAPWo9sWbvL7FgPFOHhnPmbeux8SLtnfWxXWsgo5hLBanKmO1
1z+I/w/6DL6ZYZU6bAJUk+eyVVImJqw0x3IEElI07Nh9MC6BA4iJ77ejobj8HI2r
q9ulRPEqH9NR79619lNKVUkE206dVlXo7xHmJS1QZy5v/GT66xBxyDVfTduPFXk=
=oP+v
-----END PGP SIGNATURE-----

  </info>
</log>
<log realm="Q2.system" at="Wed Apr 26 13:41:47.790 WITA 2017" lifespan="8ms">
  <info>
    deploy: /mnt/94CABEA5CABE82D2/Andara Code Repositories/jPosClient/deploy/10_client_channel.xml
  </info>
</log>
<log realm="Q2.system" at="Wed Apr 26 13:41:47.821 WITA 2017" lifespan="29ms">
  <info>
    deploy: /mnt/94CABEA5CABE82D2/Andara Code Repositories/jPosClient/deploy/20_client_mux.xml
  </info>
</log>
<log realm="jpos-client-application" at="Wed Apr 26 13:41:47.827 WITA 2017">
  <info>
    initializing jpos-client Service...
  </info>
</log>
<log realm="jpos-client-application" at="Wed Apr 26 13:41:47.828 WITA 2017">
  <info>
    jpos-client is ready!
  </info>
</log>
<log realm="Q2.system" at="Wed Apr 26 13:41:47.829 WITA 2017" lifespan="7ms">
  <info>
    deploy: /mnt/94CABEA5CABE82D2/Andara Code Repositories/jPosClient/deploy/30_client_channel_manager.xml
  </info>
</log>
<log realm="Q2.system" at="Wed Apr 26 13:41:47.836 WITA 2017" lifespan="5ms">
  <info>
    deploy: /mnt/94CABEA5CABE82D2/Andara Code Repositories/jPosClient/deploy/99_sysmon.xml
  </info>
</log>
<log realm="org.jpos.q2.qbean.SystemMonitor" at="Wed Apr 26 13:41:47.862 WITA 2017">
  <info>
    Starting SystemMonitor
  </info>
</log>
<log realm="org.jpos.q2.qbean.SystemMonitor" at="Wed Apr 26 13:41:47.864 WITA 2017">
  <info>
               OS: Linux
             host: rudy-Andara-PC/127.0.1.1
          version: 2.0.0 (be6e219)
         instance: 2b17f1dc-d4d8-4a23-ab1e-aa45f16d83dc
           uptime: 00:00:01.674
       processors: 4
           drift : 0
    memory(t/u/f): 117/16/100
          threads: 7
            Thread[Reference Handler,10,system]
            Thread[Finalizer,8,system]
            Thread[Signal Dispatcher,9,system]
            Thread[main,5,main]
            Thread[Q2-2b17f1dc-d4d8-4a23-ab1e-aa45f16d83dc,5,main]
            Thread[pool-1-thread-1,5,main]
            Thread[Timer-0,5,main]
            Thread[channel-sender-jpos-client-send,5,main]
            Thread[channel-receiver-jpos-client-receive,5,main]
            Thread[SystemMonitor,5,main]
         encoding: UTF-8
    name-registrar:
      tspace:default: org.jpos.space.TSpace
        <keycount>-1</keycount>
        <gcinfo>0,0</gcinfo>

      jpos-client-adaptor: org.jpos.q2.iso.ChannelAdaptor
        tx=0, rx=0, connects=0, last=0
      logger.Q2: org.jpos.util.Logger
      channel.jpos-client-adaptor: com.jpos.client.main.iso.MyChannel
      mux.jpos-client-mux: org.jpos.q2.iso.QMUX
        tx=0, rx=0, tx_expired=0, tx_pending=0, rx_expired=0, rx_pending=0, rx_unhandled=0, rx_forwarded=0, connected=true, last=0
      logger.Q2.buffered: org.jpos.util.BufferedLogListener
      jpos-client-manager: com.jpos.client.main.iso.ChannelManager
  </info>
</log>
<log realm="channel" at="Wed Apr 26 13:41:47.905 WITA 2017" lifespan="43ms">
  <connect>
    127.0.0.1:31730
      Connection refused (Connection refused)
    Unable to connect
  </connect>
</log>
<log realm="org.jpos.q2.iso.ChannelAdaptor" at="Wed Apr 26 13:41:47.906 WITA 2017">
  <warn>
    check-connection
    Unable to connect
  </warn>
</log>
<log realm="Q2.system" at="Wed Apr 26 13:41:53.301 WITA 2017">
  <info>
    shutting down (hook)
  </info>
</log>
<log realm="Q2.system" at="Wed Apr 26 13:41:55.368 WITA 2017">
  <trace>
    undeploying:/mnt/94CABEA5CABE82D2/Andara Code Repositories/jPosClient/deploy/99_sysmon.xml
  </trace>
</log>
<log realm="org.jpos.q2.qbean.SystemMonitor" at="Wed Apr 26 13:41:55.370 WITA 2017">
  <info>
    Stopping SystemMonitor
  </info>
</log>
<log realm="Q2.system" at="Wed Apr 26 13:41:55.372 WITA 2017">
  <info>
    undeployed:/mnt/94CABEA5CABE82D2/Andara Code Repositories/jPosClient/deploy/99_sysmon.xml
  </info>
</log>
<log realm="Q2.system" at="Wed Apr 26 13:41:55.374 WITA 2017">
  <trace>
    undeploying:/mnt/94CABEA5CABE82D2/Andara Code Repositories/jPosClient/deploy/30_client_channel_manager.xml
  </trace>
</log>
<log realm="Q2.system" at="Wed Apr 26 13:41:55.377 WITA 2017">
  <info>
    undeployed:/mnt/94CABEA5CABE82D2/Andara Code Repositories/jPosClient/deploy/30_client_channel_manager.xml
  </info>
</log>
<log realm="Q2.system" at="Wed Apr 26 13:41:55.379 WITA 2017">
  <trace>
    undeploying:/mnt/94CABEA5CABE82D2/Andara Code Repositories/jPosClient/deploy/20_client_mux.xml
  </trace>
</log>
<log realm="Q2.system" at="Wed Apr 26 13:41:55.381 WITA 2017">
  <info>
    undeployed:/mnt/94CABEA5CABE82D2/Andara Code Repositories/jPosClient/deploy/20_client_mux.xml
  </info>
</log>
<log realm="Q2.system" at="Wed Apr 26 13:41:55.383 WITA 2017">
  <trace>
    undeploying:/mnt/94CABEA5CABE82D2/Andara Code Repositories/jPosClient/deploy/10_client_channel.xml
  </trace>
</log>
<log realm="Q2.system" at="Wed Apr 26 13:41:55.385 WITA 2017">
  <info>
    undeployed:/mnt/94CABEA5CABE82D2/Andara Code Repositories/jPosClient/deploy/10_client_channel.xml
  </info>
</log>
<log realm="Q2.system" at="Wed Apr 26 13:41:55.388 WITA 2017">
  <trace>
    undeploying:/mnt/94CABEA5CABE82D2/Andara Code Repositories/jPosClient/deploy/00_logger.xml
  </trace>
</log>
</logger>
